[    4103ms] [WARNING] %c%s%c  ⚠ Unsupported metadata themeColor is configured in metadata export in /. Please move it to viewport export instead.
Read more: https://nextjs.org/docs/app/api-reference/functions/generate-viewport background: #e6e6e6;background: light-dark(rgba(0,0,0,0.1), rgba(255,255,255,0.25));color: #000000;color: light-dark(#000000, #ffffff);border-radius: 2px  Server   @ webpack-internal:///(app-pages-browser)/./node_modules/next/dist/compiled/react-server-dom-webpack/cjs/react-server-dom-webpack-client.browser.development.js:3484
[    4103ms] [WARNING] %c%s%c  ⚠ Unsupported metadata viewport is configured in metadata export in /. Please move it to viewport export instead.
Read more: https://nextjs.org/docs/app/api-reference/functions/generate-viewport background: #e6e6e6;background: light-dark(rgba(0,0,0,0.1), rgba(255,255,255,0.25));color: #000000;color: light-dark(#000000, #ffffff);border-radius: 2px  Server   @ webpack-internal:///(app-pages-browser)/./node_modules/next/dist/compiled/react-server-dom-webpack/cjs/react-server-dom-webpack-client.browser.development.js:3484
[    4155ms] [WARNING] <meta name="apple-mobile-web-app-capable" content="yes"> is deprecated. Please include <meta name="mobile-web-app-capable" content="yes"> @ http://localhost:3002/:0
[    4637ms] [WARNING] %c%s%c  ⚠ Unsupported metadata themeColor is configured in metadata export in /. Please move it to viewport export instead.
Read more: https://nextjs.org/docs/app/api-reference/functions/generate-viewport background: #e6e6e6;background: light-dark(rgba(0,0,0,0.1), rgba(255,255,255,0.25));color: #000000;color: light-dark(#000000, #ffffff);border-radius: 2px  Server   @ webpack-internal:///(app-pages-browser)/./node_modules/next/dist/compiled/react-server-dom-webpack/cjs/react-server-dom-webpack-client.browser.development.js:3484
[    4637ms] [WARNING] %c%s%c  ⚠ Unsupported metadata viewport is configured in metadata export in /. Please move it to viewport export instead.
Read more: https://nextjs.org/docs/app/api-reference/functions/generate-viewport background: #e6e6e6;background: light-dark(rgba(0,0,0,0.1), rgba(255,255,255,0.25));color: #000000;color: light-dark(#000000, #ffffff);border-radius: 2px  Server   @ webpack-internal:///(app-pages-browser)/./node_modules/next/dist/compiled/react-server-dom-webpack/cjs/react-server-dom-webpack-client.browser.development.js:3484
[    4767ms] [WARNING] %c%s%c  ⚠ Unsupported metadata themeColor is configured in metadata export in /. Please move it to viewport export instead.
Read more: https://nextjs.org/docs/app/api-reference/functions/generate-viewport background: #e6e6e6;background: light-dark(rgba(0,0,0,0.1), rgba(255,255,255,0.25));color: #000000;color: light-dark(#000000, #ffffff);border-radius: 2px  Server   @ webpack-internal:///(app-pages-browser)/./node_modules/next/dist/compiled/react-server-dom-webpack/cjs/react-server-dom-webpack-client.browser.development.js:3484
[    4767ms] [WARNING] %c%s%c  ⚠ Unsupported metadata viewport is configured in metadata export in /. Please move it to viewport export instead.
Read more: https://nextjs.org/docs/app/api-reference/functions/generate-viewport background: #e6e6e6;background: light-dark(rgba(0,0,0,0.1), rgba(255,255,255,0.25));color: #000000;color: light-dark(#000000, #ffffff);border-radius: 2px  Server   @ webpack-internal:///(app-pages-browser)/./node_modules/next/dist/compiled/react-server-dom-webpack/cjs/react-server-dom-webpack-client.browser.development.js:3484
[    4976ms] [WARNING] %c%s%c  ⚠ Unsupported metadata themeColor is configured in metadata export in /. Please move it to viewport export instead.
Read more: https://nextjs.org/docs/app/api-reference/functions/generate-viewport background: #e6e6e6;background: light-dark(rgba(0,0,0,0.1), rgba(255,255,255,0.25));color: #000000;color: light-dark(#000000, #ffffff);border-radius: 2px  Server   @ webpack-internal:///(app-pages-browser)/./node_modules/next/dist/compiled/react-server-dom-webpack/cjs/react-server-dom-webpack-client.browser.development.js:3484
[    4976ms] [WARNING] %c%s%c  ⚠ Unsupported metadata viewport is configured in metadata export in /. Please move it to viewport export instead.
Read more: https://nextjs.org/docs/app/api-reference/functions/generate-viewport background: #e6e6e6;background: light-dark(rgba(0,0,0,0.1), rgba(255,255,255,0.25));color: #000000;color: light-dark(#000000, #ffffff);border-radius: 2px  Server   @ webpack-internal:///(app-pages-browser)/./node_modules/next/dist/compiled/react-server-dom-webpack/cjs/react-server-dom-webpack-client.browser.development.js:3484
[    5093ms] [WARNING] %c%s%c  ⚠ Unsupported metadata themeColor is configured in metadata export in /. Please move it to viewport export instead.
Read more: https://nextjs.org/docs/app/api-reference/functions/generate-viewport background: #e6e6e6;background: light-dark(rgba(0,0,0,0.1), rgba(255,255,255,0.25));color: #000000;color: light-dark(#000000, #ffffff);border-radius: 2px  Server   @ webpack-internal:///(app-pages-browser)/./node_modules/next/dist/compiled/react-server-dom-webpack/cjs/react-server-dom-webpack-client.browser.development.js:3484
[    5093ms] [WARNING] %c%s%c  ⚠ Unsupported metadata viewport is configured in metadata export in /. Please move it to viewport export instead.
Read more: https://nextjs.org/docs/app/api-reference/functions/generate-viewport background: #e6e6e6;background: light-dark(rgba(0,0,0,0.1), rgba(255,255,255,0.25));color: #000000;color: light-dark(#000000, #ffffff);border-radius: 2px  Server   @ webpack-internal:///(app-pages-browser)/./node_modules/next/dist/compiled/react-server-dom-webpack/cjs/react-server-dom-webpack-client.browser.development.js:3484
[    5204ms] [WARNING] %c%s%c  ⚠ Unsupported metadata themeColor is configured in metadata export in /. Please move it to viewport export instead.
Read more: https://nextjs.org/docs/app/api-reference/functions/generate-viewport background: #e6e6e6;background: light-dark(rgba(0,0,0,0.1), rgba(255,255,255,0.25));color: #000000;color: light-dark(#000000, #ffffff);border-radius: 2px  Server   @ webpack-internal:///(app-pages-browser)/./node_modules/next/dist/compiled/react-server-dom-webpack/cjs/react-server-dom-webpack-client.browser.development.js:3484
[    5204ms] [WARNING] %c%s%c  ⚠ Unsupported metadata viewport is configured in metadata export in /. Please move it to viewport export instead.
Read more: https://nextjs.org/docs/app/api-reference/functions/generate-viewport background: #e6e6e6;background: light-dark(rgba(0,0,0,0.1), rgba(255,255,255,0.25));color: #000000;color: light-dark(#000000, #ffffff);border-radius: 2px  Server   @ webpack-internal:///(app-pages-browser)/./node_modules/next/dist/compiled/react-server-dom-webpack/cjs/react-server-dom-webpack-client.browser.development.js:3484
[    5510ms] [WARNING] %c%s%c  ⚠ Unsupported metadata themeColor is configured in metadata export in /. Please move it to viewport export instead.
Read more: https://nextjs.org/docs/app/api-reference/functions/generate-viewport background: #e6e6e6;background: light-dark(rgba(0,0,0,0.1), rgba(255,255,255,0.25));color: #000000;color: light-dark(#000000, #ffffff);border-radius: 2px  Server   @ webpack-internal:///(app-pages-browser)/./node_modules/next/dist/compiled/react-server-dom-webpack/cjs/react-server-dom-webpack-client.browser.development.js:3484
[    5511ms] [WARNING] %c%s%c  ⚠ Unsupported metadata viewport is configured in metadata export in /. Please move it to viewport export instead.
Read more: https://nextjs.org/docs/app/api-reference/functions/generate-viewport background: #e6e6e6;background: light-dark(rgba(0,0,0,0.1), rgba(255,255,255,0.25));color: #000000;color: light-dark(#000000, #ffffff);border-radius: 2px  Server   @ webpack-internal:///(app-pages-browser)/./node_modules/next/dist/compiled/react-server-dom-webpack/cjs/react-server-dom-webpack-client.browser.development.js:3484
[    5559ms] [WARNING] %c%s%c  ⚠ Unsupported metadata themeColor is configured in metadata export in /. Please move it to viewport export instead.
Read more: https://nextjs.org/docs/app/api-reference/functions/generate-viewport background: #e6e6e6;background: light-dark(rgba(0,0,0,0.1), rgba(255,255,255,0.25));color: #000000;color: light-dark(#000000, #ffffff);border-radius: 2px  Server   @ webpack-internal:///(app-pages-browser)/./node_modules/next/dist/compiled/react-server-dom-webpack/cjs/react-server-dom-webpack-client.browser.development.js:3484
[    5559ms] [WARNING] %c%s%c  ⚠ Unsupported metadata viewport is configured in metadata export in /. Please move it to viewport export instead.
Read more: https://nextjs.org/docs/app/api-reference/functions/generate-viewport background: #e6e6e6;background: light-dark(rgba(0,0,0,0.1), rgba(255,255,255,0.25));color: #000000;color: light-dark(#000000, #ffffff);border-radius: 2px  Server   @ webpack-internal:///(app-pages-browser)/./node_modules/next/dist/compiled/react-server-dom-webpack/cjs/react-server-dom-webpack-client.browser.development.js:3484
[    5787ms] [WARNING] %c%s%c  ⚠ Unsupported metadata themeColor is configured in metadata export in /. Please move it to viewport export instead.
Read more: https://nextjs.org/docs/app/api-reference/functions/generate-viewport background: #e6e6e6;background: light-dark(rgba(0,0,0,0.1), rgba(255,255,255,0.25));color: #000000;color: light-dark(#000000, #ffffff);border-radius: 2px  Server   @ webpack-internal:///(app-pages-browser)/./node_modules/next/dist/compiled/react-server-dom-webpack/cjs/react-server-dom-webpack-client.browser.development.js:3484
[    5787ms] [WARNING] %c%s%c  ⚠ Unsupported metadata viewport is configured in metadata export in /. Please move it to viewport export instead.
Read more: https://nextjs.org/docs/app/api-reference/functions/generate-viewport background: #e6e6e6;background: light-dark(rgba(0,0,0,0.1), rgba(255,255,255,0.25));color: #000000;color: light-dark(#000000, #ffffff);border-radius: 2px  Server   @ webpack-internal:///(app-pages-browser)/./node_modules/next/dist/compiled/react-server-dom-webpack/cjs/react-server-dom-webpack-client.browser.development.js:3484
[    6699ms] [ERROR] Failed to load resource: the server responded with a status of 404 (Not Found) @ http://localhost:3002/icon-192x192.png:0
[    6823ms] [WARNING] Error while trying to use the following icon from the Manifest: http://localhost:3002/icon-192x192.png (Download error or resource isn't a valid image) @ http://localhost:3002/:0
[    6834ms] [WARNING] %c%s%c  ⚠ Unsupported metadata themeColor is configured in metadata export in /. Please move it to viewport export instead.
Read more: https://nextjs.org/docs/app/api-reference/functions/generate-viewport background: #e6e6e6;background: light-dark(rgba(0,0,0,0.1), rgba(255,255,255,0.25));color: #000000;color: light-dark(#000000, #ffffff);border-radius: 2px  Server   @ webpack-internal:///(app-pages-browser)/./node_modules/next/dist/compiled/react-server-dom-webpack/cjs/react-server-dom-webpack-client.browser.development.js:3484
[    6835ms] [WARNING] %c%s%c  ⚠ Unsupported metadata viewport is configured in metadata export in /. Please move it to viewport export instead.
Read more: https://nextjs.org/docs/app/api-reference/functions/generate-viewport background: #e6e6e6;background: light-dark(rgba(0,0,0,0.1), rgba(255,255,255,0.25));color: #000000;color: light-dark(#000000, #ffffff);border-radius: 2px  Server   @ webpack-internal:///(app-pages-browser)/./node_modules/next/dist/compiled/react-server-dom-webpack/cjs/react-server-dom-webpack-client.browser.development.js:3484
[    7215ms] [ERROR] Failed to load resource: the server responded with a status of 404 (Not Found) @ http://localhost:3002/icon-192x192.png:0
[    7294ms] [WARNING] Error while trying to use the following icon from the Manifest: http://localhost:3002/icon-192x192.png (Download error or resource isn't a valid image) @ http://localhost:3002/:0
[    7333ms] [WARNING] %c%s%c  ⚠ Unsupported metadata themeColor is configured in metadata export in /. Please move it to viewport export instead.
Read more: https://nextjs.org/docs/app/api-reference/functions/generate-viewport background: #e6e6e6;background: light-dark(rgba(0,0,0,0.1), rgba(255,255,255,0.25));color: #000000;color: light-dark(#000000, #ffffff);border-radius: 2px  Server   @ webpack-internal:///(app-pages-browser)/./node_modules/next/dist/compiled/react-server-dom-webpack/cjs/react-server-dom-webpack-client.browser.development.js:3484
[    7333ms] [WARNING] %c%s%c  ⚠ Unsupported metadata viewport is configured in metadata export in /. Please move it to viewport export instead.
Read more: https://nextjs.org/docs/app/api-reference/functions/generate-viewport background: #e6e6e6;background: light-dark(rgba(0,0,0,0.1), rgba(255,255,255,0.25));color: #000000;color: light-dark(#000000, #ffffff);border-radius: 2px  Server   @ webpack-internal:///(app-pages-browser)/./node_modules/next/dist/compiled/react-server-dom-webpack/cjs/react-server-dom-webpack-client.browser.development.js:3484
[    7765ms] [ERROR] Failed to load resource: the server responded with a status of 404 (Not Found) @ http://localhost:3002/icon-192x192.png:0
[    7846ms] [WARNING] Error while trying to use the following icon from the Manifest: http://localhost:3002/icon-192x192.png (Download error or resource isn't a valid image) @ http://localhost:3002/:0
[    7892ms] [WARNING] %c%s%c  ⚠ Unsupported metadata themeColor is configured in metadata export in /. Please move it to viewport export instead.
Read more: https://nextjs.org/docs/app/api-reference/functions/generate-viewport background: #e6e6e6;background: light-dark(rgba(0,0,0,0.1), rgba(255,255,255,0.25));color: #000000;color: light-dark(#000000, #ffffff);border-radius: 2px  Server   @ webpack-internal:///(app-pages-browser)/./node_modules/next/dist/compiled/react-server-dom-webpack/cjs/react-server-dom-webpack-client.browser.development.js:3484
[    7893ms] [WARNING] %c%s%c  ⚠ Unsupported metadata viewport is configured in metadata export in /. Please move it to viewport export instead.
Read more: https://nextjs.org/docs/app/api-reference/functions/generate-viewport background: #e6e6e6;background: light-dark(rgba(0,0,0,0.1), rgba(255,255,255,0.25));color: #000000;color: light-dark(#000000, #ffffff);border-radius: 2px  Server   @ webpack-internal:///(app-pages-browser)/./node_modules/next/dist/compiled/react-server-dom-webpack/cjs/react-server-dom-webpack-client.browser.development.js:3484
[    8319ms] [ERROR] Failed to load resource: the server responded with a status of 404 (Not Found) @ http://localhost:3002/icon-192x192.png:0
[    8380ms] [ERROR] Failed to load resource: the server responded with a status of 404 (Not Found) @ http://localhost:3002/icon-192x192.png:0
[    8432ms] [WARNING] Error while trying to use the following icon from the Manifest: http://localhost:3002/icon-192x192.png (Download error or resource isn't a valid image) @ http://localhost:3002/:0
[    8490ms] [WARNING] Error while trying to use the following icon from the Manifest: http://localhost:3002/icon-192x192.png (Download error or resource isn't a valid image) @ http://localhost:3002/:0
[   11635ms] [WARNING] The resource http://localhost:3002/_next/static/css/app/layout.css?v=1770617193890 was preloaded using link preload but not used within a few seconds from the window's load event. Please make sure it has an appropriate `as` value and it is preloaded intentionally. @ http://localhost:3002/:0
[   11635ms] [WARNING] The resource http://localhost:3002/_next/static/css/app/layout.css?v=1770617194407 was preloaded using link preload but not used within a few seconds from the window's load event. Please make sure it has an appropriate `as` value and it is preloaded intentionally. @ http://localhost:3002/:0
[   11636ms] [WARNING] The resource http://localhost:3002/_next/static/css/app/layout.css?v=1770617193669 was preloaded using link preload but not used within a few seconds from the window's load event. Please make sure it has an appropriate `as` value and it is preloaded intentionally. @ http://localhost:3002/:0
[   14862ms] [WARNING] The resource http://localhost:3002/_next/static/css/app/layout.css?v=1770617193890 was preloaded using link preload but not used within a few seconds from the window's load event. Please make sure it has an appropriate `as` value and it is preloaded intentionally. @ http://localhost:3002/:0
[   14862ms] [WARNING] The resource http://localhost:3002/_next/static/css/app/layout.css?v=1770617194407 was preloaded using link preload but not used within a few seconds from the window's load event. Please make sure it has an appropriate `as` value and it is preloaded intentionally. @ http://localhost:3002/:0
[   14862ms] [WARNING] The resource http://localhost:3002/_next/static/css/app/layout.css?v=1770617193669 was preloaded using link preload but not used within a few seconds from the window's load event. Please make sure it has an appropriate `as` value and it is preloaded intentionally. @ http://localhost:3002/:0
[   18097ms] [WARNING] The resource http://localhost:3002/_next/static/css/app/layout.css?v=1770617193890 was preloaded using link preload but not used within a few seconds from the window's load event. Please make sure it has an appropriate `as` value and it is preloaded intentionally. @ http://localhost:3002/:0
[   18097ms] [WARNING] The resource http://localhost:3002/_next/static/css/app/layout.css?v=1770617194407 was preloaded using link preload but not used within a few seconds from the window's load event. Please make sure it has an appropriate `as` value and it is preloaded intentionally. @ http://localhost:3002/:0
[   18097ms] [WARNING] The resource http://localhost:3002/_next/static/css/app/layout.css?v=1770617193669 was preloaded using link preload but not used within a few seconds from the window's load event. Please make sure it has an appropriate `as` value and it is preloaded intentionally. @ http://localhost:3002/:0
[   21330ms] [WARNING] The resource http://localhost:3002/_next/static/css/app/layout.css?v=1770617193890 was preloaded using link preload but not used within a few seconds from the window's load event. Please make sure it has an appropriate `as` value and it is preloaded intentionally. @ http://localhost:3002/:0
[   21330ms] [WARNING] The resource http://localhost:3002/_next/static/css/app/layout.css?v=1770617194407 was preloaded using link preload but not used within a few seconds from the window's load event. Please make sure it has an appropriate `as` value and it is preloaded intentionally. @ http://localhost:3002/:0
[   21330ms] [WARNING] The resource http://localhost:3002/_next/static/css/app/layout.css?v=1770617193669 was preloaded using link preload but not used within a few seconds from the window's load event. Please make sure it has an appropriate `as` value and it is preloaded intentionally. @ http://localhost:3002/:0
[   24517ms] [WARNING] The resource http://localhost:3002/_next/static/css/app/layout.css?v=1770617193890 was preloaded using link preload but not used within a few seconds from the window's load event. Please make sure it has an appropriate `as` value and it is preloaded intentionally. @ http://localhost:3002/:0
[   24517ms] [WARNING] The resource http://localhost:3002/_next/static/css/app/layout.css?v=1770617194407 was preloaded using link preload but not used within a few seconds from the window's load event. Please make sure it has an appropriate `as` value and it is preloaded intentionally. @ http://localhost:3002/:0
[   24517ms] [WARNING] The resource http://localhost:3002/_next/static/css/app/layout.css?v=1770617193669 was preloaded using link preload but not used within a few seconds from the window's load event. Please make sure it has an appropriate `as` value and it is preloaded intentionally. @ http://localhost:3002/:0
[   27696ms] [WARNING] The resource http://localhost:3002/_next/static/css/app/layout.css?v=1770617193890 was preloaded using link preload but not used within a few seconds from the window's load event. Please make sure it has an appropriate `as` value and it is preloaded intentionally. @ http://localhost:3002/:0
[   27697ms] [WARNING] The resource http://localhost:3002/_next/static/css/app/layout.css?v=1770617194407 was preloaded using link preload but not used within a few seconds from the window's load event. Please make sure it has an appropriate `as` value and it is preloaded intentionally. @ http://localhost:3002/:0
[   27697ms] [WARNING] The resource http://localhost:3002/_next/static/css/app/layout.css?v=1770617193669 was preloaded using link preload but not used within a few seconds from the window's load event. Please make sure it has an appropriate `as` value and it is preloaded intentionally. @ http://localhost:3002/:0
[   30873ms] [WARNING] The resource http://localhost:3002/_next/static/css/app/layout.css?v=1770617193890 was preloaded using link preload but not used within a few seconds from the window's load event. Please make sure it has an appropriate `as` value and it is preloaded intentionally. @ http://localhost:3002/:0
[   30873ms] [WARNING] The resource http://localhost:3002/_next/static/css/app/layout.css?v=1770617194407 was preloaded using link preload but not used within a few seconds from the window's load event. Please make sure it has an appropriate `as` value and it is preloaded intentionally. @ http://localhost:3002/:0
[   30873ms] [WARNING] The resource http://localhost:3002/_next/static/css/app/layout.css?v=1770617193669 was preloaded using link preload but not used within a few seconds from the window's load event. Please make sure it has an appropriate `as` value and it is preloaded intentionally. @ http://localhost:3002/:0
[   34040ms] [WARNING] The resource http://localhost:3002/_next/static/css/app/layout.css?v=1770617193890 was preloaded using link preload but not used within a few seconds from the window's load event. Please make sure it has an appropriate `as` value and it is preloaded intentionally. @ http://localhost:3002/:0
[   34041ms] [WARNING] The resource http://localhost:3002/_next/static/css/app/layout.css?v=1770617194407 was preloaded using link preload but not used within a few seconds from the window's load event. Please make sure it has an appropriate `as` value and it is preloaded intentionally. @ http://localhost:3002/:0
[   34041ms] [WARNING] The resource http://localhost:3002/_next/static/css/app/layout.css?v=1770617193669 was preloaded using link preload but not used within a few seconds from the window's load event. Please make sure it has an appropriate `as` value and it is preloaded intentionally. @ http://localhost:3002/:0
[   37229ms] [WARNING] The resource http://localhost:3002/_next/static/css/app/layout.css?v=1770617193890 was preloaded using link preload but not used within a few seconds from the window's load event. Please make sure it has an appropriate `as` value and it is preloaded intentionally. @ http://localhost:3002/:0
[   37229ms] [WARNING] The resource http://localhost:3002/_next/static/css/app/layout.css?v=1770617194407 was preloaded using link preload but not used within a few seconds from the window's load event. Please make sure it has an appropriate `as` value and it is preloaded intentionally. @ http://localhost:3002/:0
[   37229ms] [WARNING] The resource http://localhost:3002/_next/static/css/app/layout.css?v=1770617193669 was preloaded using link preload but not used within a few seconds from the window's load event. Please make sure it has an appropriate `as` value and it is preloaded intentionally. @ http://localhost:3002/:0
[   40413ms] [WARNING] The resource http://localhost:3002/_next/static/css/app/layout.css?v=1770617193890 was preloaded using link preload but not used within a few seconds from the window's load event. Please make sure it has an appropriate `as` value and it is preloaded intentionally. @ http://localhost:3002/:0
[   40413ms] [WARNING] The resource http://localhost:3002/_next/static/css/app/layout.css?v=1770617194407 was preloaded using link preload but not used within a few seconds from the window's load event. Please make sure it has an appropriate `as` value and it is preloaded intentionally. @ http://localhost:3002/:0
[   40413ms] [WARNING] The resource http://localhost:3002/_next/static/css/app/layout.css?v=1770617193669 was preloaded using link preload but not used within a few seconds from the window's load event. Please make sure it has an appropriate `as` value and it is preloaded intentionally. @ http://localhost:3002/:0
[   43607ms] [WARNING] The resource http://localhost:3002/_next/static/css/app/layout.css?v=1770617193890 was preloaded using link preload but not used within a few seconds from the window's load event. Please make sure it has an appropriate `as` value and it is preloaded intentionally. @ http://localhost:3002/:0
[   43607ms] [WARNING] The resource http://localhost:3002/_next/static/css/app/layout.css?v=1770617194407 was preloaded using link preload but not used within a few seconds from the window's load event. Please make sure it has an appropriate `as` value and it is preloaded intentionally. @ http://localhost:3002/:0
[   43607ms] [WARNING] The resource http://localhost:3002/_next/static/css/app/layout.css?v=1770617193669 was preloaded using link preload but not used within a few seconds from the window's load event. Please make sure it has an appropriate `as` value and it is preloaded intentionally. @ http://localhost:3002/:0
[   46766ms] [WARNING] The resource http://localhost:3002/_next/static/css/app/layout.css?v=1770617193890 was preloaded using link preload but not used within a few seconds from the window's load event. Please make sure it has an appropriate `as` value and it is preloaded intentionally. @ http://localhost:3002/:0
[   46766ms] [WARNING] The resource http://localhost:3002/_next/static/css/app/layout.css?v=1770617194407 was preloaded using link preload but not used within a few seconds from the window's load event. Please make sure it has an appropriate `as` value and it is preloaded intentionally. @ http://localhost:3002/:0
[   46766ms] [WARNING] The resource http://localhost:3002/_next/static/css/app/layout.css?v=1770617193669 was preloaded using link preload but not used within a few seconds from the window's load event. Please make sure it has an appropriate `as` value and it is preloaded intentionally. @ http://localhost:3002/:0
[   49933ms] [WARNING] The resource http://localhost:3002/_next/static/css/app/layout.css?v=1770617193890 was preloaded using link preload but not used within a few seconds from the window's load event. Please make sure it has an appropriate `as` value and it is preloaded intentionally. @ http://localhost:3002/:0
[   49933ms] [WARNING] The resource http://localhost:3002/_next/static/css/app/layout.css?v=1770617194407 was preloaded using link preload but not used within a few seconds from the window's load event. Please make sure it has an appropriate `as` value and it is preloaded intentionally. @ http://localhost:3002/:0
[   49933ms] [WARNING] The resource http://localhost:3002/_next/static/css/app/layout.css?v=1770617193669 was preloaded using link preload but not used within a few seconds from the window's load event. Please make sure it has an appropriate `as` value and it is preloaded intentionally. @ http://localhost:3002/:0
[   53102ms] [WARNING] The resource http://localhost:3002/_next/static/css/app/layout.css?v=1770617193890 was preloaded using link preload but not used within a few seconds from the window's load event. Please make sure it has an appropriate `as` value and it is preloaded intentionally. @ http://localhost:3002/:0
[   53102ms] [WARNING] The resource http://localhost:3002/_next/static/css/app/layout.css?v=1770617194407 was preloaded using link preload but not used within a few seconds from the window's load event. Please make sure it has an appropriate `as` value and it is preloaded intentionally. @ http://localhost:3002/:0
[   53102ms] [WARNING] The resource http://localhost:3002/_next/static/css/app/layout.css?v=1770617193669 was preloaded using link preload but not used within a few seconds from the window's load event. Please make sure it has an appropriate `as` value and it is preloaded intentionally. @ http://localhost:3002/:0
[   56259ms] [WARNING] The resource http://localhost:3002/_next/static/css/app/layout.css?v=1770617193890 was preloaded using link preload but not used within a few seconds from the window's load event. Please make sure it has an appropriate `as` value and it is preloaded intentionally. @ http://localhost:3002/:0
[   56260ms] [WARNING] The resource http://localhost:3002/_next/static/css/app/layout.css?v=1770617194407 was preloaded using link preload but not used within a few seconds from the window's load event. Please make sure it has an appropriate `as` value and it is preloaded intentionally. @ http://localhost:3002/:0
[   56260ms] [WARNING] The resource http://localhost:3002/_next/static/css/app/layout.css?v=1770617193669 was preloaded using link preload but not used within a few seconds from the window's load event. Please make sure it has an appropriate `as` value and it is preloaded intentionally. @ http://localhost:3002/:0
[   59429ms] [WARNING] The resource http://localhost:3002/_next/static/css/app/layout.css?v=1770617193890 was preloaded using link preload but not used within a few seconds from the window's load event. Please make sure it has an appropriate `as` value and it is preloaded intentionally. @ http://localhost:3002/:0
[   59429ms] [WARNING] The resource http://localhost:3002/_next/static/css/app/layout.css?v=1770617194407 was preloaded using link preload but not used within a few seconds from the window's load event. Please make sure it has an appropriate `as` value and it is preloaded intentionally. @ http://localhost:3002/:0
[   59429ms] [WARNING] The resource http://localhost:3002/_next/static/css/app/layout.css?v=1770617193669 was preloaded using link preload but not used within a few seconds from the window's load event. Please make sure it has an appropriate `as` value and it is preloaded intentionally. @ http://localhost:3002/:0
[   62606ms] [WARNING] The resource http://localhost:3002/_next/static/css/app/layout.css?v=1770617193890 was preloaded using link preload but not used within a few seconds from the window's load event. Please make sure it has an appropriate `as` value and it is preloaded intentionally. @ http://localhost:3002/:0
[   62606ms] [WARNING] The resource http://localhost:3002/_next/static/css/app/layout.css?v=1770617194407 was preloaded using link preload but not used within a few seconds from the window's load event. Please make sure it has an appropriate `as` value and it is preloaded intentionally. @ http://localhost:3002/:0
[   62606ms] [WARNING] The resource http://localhost:3002/_next/static/css/app/layout.css?v=1770617193669 was preloaded using link preload but not used within a few seconds from the window's load event. Please make sure it has an appropriate `as` value and it is preloaded intentionally. @ http://localhost:3002/:0
[   65792ms] [WARNING] The resource http://localhost:3002/_next/static/css/app/layout.css?v=1770617193890 was preloaded using link preload but not used within a few seconds from the window's load event. Please make sure it has an appropriate `as` value and it is preloaded intentionally. @ http://localhost:3002/:0
[   65792ms] [WARNING] The resource http://localhost:3002/_next/static/css/app/layout.css?v=1770617194407 was preloaded using link preload but not used within a few seconds from the window's load event. Please make sure it has an appropriate `as` value and it is preloaded intentionally. @ http://localhost:3002/:0
[   65792ms] [WARNING] The resource http://localhost:3002/_next/static/css/app/layout.css?v=1770617193669 was preloaded using link preload but not used within a few seconds from the window's load event. Please make sure it has an appropriate `as` value and it is preloaded intentionally. @ http://localhost:3002/:0
[   68993ms] [WARNING] The resource http://localhost:3002/_next/static/css/app/layout.css?v=1770617193890 was preloaded using link preload but not used within a few seconds from the window's load event. Please make sure it has an appropriate `as` value and it is preloaded intentionally. @ http://localhost:3002/:0
[   68994ms] [WARNING] The resource http://localhost:3002/_next/static/css/app/layout.css?v=1770617194407 was preloaded using link preload but not used within a few seconds from the window's load event. Please make sure it has an appropriate `as` value and it is preloaded intentionally. @ http://localhost:3002/:0
[   68994ms] [WARNING] The resource http://localhost:3002/_next/static/css/app/layout.css?v=1770617193669 was preloaded using link preload but not used within a few seconds from the window's load event. Please make sure it has an appropriate `as` value and it is preloaded intentionally. @ http://localhost:3002/:0
[   72200ms] [WARNING] The resource http://localhost:3002/_next/static/css/app/layout.css?v=1770617193890 was preloaded using link preload but not used within a few seconds from the window's load event. Please make sure it has an appropriate `as` value and it is preloaded intentionally. @ http://localhost:3002/:0
[   72200ms] [WARNING] The resource http://localhost:3002/_next/static/css/app/layout.css?v=1770617194407 was preloaded using link preload but not used within a few seconds from the window's load event. Please make sure it has an appropriate `as` value and it is preloaded intentionally. @ http://localhost:3002/:0
[   72200ms] [WARNING] The resource http://localhost:3002/_next/static/css/app/layout.css?v=1770617193669 was preloaded using link preload but not used within a few seconds from the window's load event. Please make sure it has an appropriate `as` value and it is preloaded intentionally. @ http://localhost:3002/:0
[   75383ms] [WARNING] The resource http://localhost:3002/_next/static/css/app/layout.css?v=1770617193890 was preloaded using link preload but not used within a few seconds from the window's load event. Please make sure it has an appropriate `as` value and it is preloaded intentionally. @ http://localhost:3002/:0
[   75383ms] [WARNING] The resource http://localhost:3002/_next/static/css/app/layout.css?v=1770617194407 was preloaded using link preload but not used within a few seconds from the window's load event. Please make sure it has an appropriate `as` value and it is preloaded intentionally. @ http://localhost:3002/:0
[   75383ms] [WARNING] The resource http://localhost:3002/_next/static/css/app/layout.css?v=1770617193669 was preloaded using link preload but not used within a few seconds from the window's load event. Please make sure it has an appropriate `as` value and it is preloaded intentionally. @ http://localhost:3002/:0
[   78584ms] [WARNING] The resource http://localhost:3002/_next/static/css/app/layout.css?v=1770617193890 was preloaded using link preload but not used within a few seconds from the window's load event. Please make sure it has an appropriate `as` value and it is preloaded intentionally. @ http://localhost:3002/:0
[   78584ms] [WARNING] The resource http://localhost:3002/_next/static/css/app/layout.css?v=1770617194407 was preloaded using link preload but not used within a few seconds from the window's load event. Please make sure it has an appropriate `as` value and it is preloaded intentionally. @ http://localhost:3002/:0
[   78584ms] [WARNING] The resource http://localhost:3002/_next/static/css/app/layout.css?v=1770617193669 was preloaded using link preload but not used within a few seconds from the window's load event. Please make sure it has an appropriate `as` value and it is preloaded intentionally. @ http://localhost:3002/:0
[   81755ms] [WARNING] The resource http://localhost:3002/_next/static/css/app/layout.css?v=1770617193890 was preloaded using link preload but not used within a few seconds from the window's load event. Please make sure it has an appropriate `as` value and it is preloaded intentionally. @ http://localhost:3002/:0
[   81755ms] [WARNING] The resource http://localhost:3002/_next/static/css/app/layout.css?v=1770617194407 was preloaded using link preload but not used within a few seconds from the window's load event. Please make sure it has an appropriate `as` value and it is preloaded intentionally. @ http://localhost:3002/:0
[   81755ms] [WARNING] The resource http://localhost:3002/_next/static/css/app/layout.css?v=1770617193669 was preloaded using link preload but not used within a few seconds from the window's load event. Please make sure it has an appropriate `as` value and it is preloaded intentionally. @ http://localhost:3002/:0
[   84972ms] [WARNING] The resource http://localhost:3002/_next/static/css/app/layout.css?v=1770617193890 was preloaded using link preload but not used within a few seconds from the window's load event. Please make sure it has an appropriate `as` value and it is preloaded intentionally. @ http://localhost:3002/:0
[   84972ms] [WARNING] The resource http://localhost:3002/_next/static/css/app/layout.css?v=1770617194407 was preloaded using link preload but not used within a few seconds from the window's load event. Please make sure it has an appropriate `as` value and it is preloaded intentionally. @ http://localhost:3002/:0
[   84972ms] [WARNING] The resource http://localhost:3002/_next/static/css/app/layout.css?v=1770617193669 was preloaded using link preload but not used within a few seconds from the window's load event. Please make sure it has an appropriate `as` value and it is preloaded intentionally. @ http://localhost:3002/:0
[   88147ms] [WARNING] The resource http://localhost:3002/_next/static/css/app/layout.css?v=1770617193890 was preloaded using link preload but not used within a few seconds from the window's load event. Please make sure it has an appropriate `as` value and it is preloaded intentionally. @ http://localhost:3002/:0
[   88147ms] [WARNING] The resource http://localhost:3002/_next/static/css/app/layout.css?v=1770617194407 was preloaded using link preload but not used within a few seconds from the window's load event. Please make sure it has an appropriate `as` value and it is preloaded intentionally. @ http://localhost:3002/:0
[   88147ms] [WARNING] The resource http://localhost:3002/_next/static/css/app/layout.css?v=1770617193669 was preloaded using link preload but not used within a few seconds from the window's load event. Please make sure it has an appropriate `as` value and it is preloaded intentionally. @ http://localhost:3002/:0
[   91340ms] [WARNING] The resource http://localhost:3002/_next/static/css/app/layout.css?v=1770617193890 was preloaded using link preload but not used within a few seconds from the window's load event. Please make sure it has an appropriate `as` value and it is preloaded intentionally. @ http://localhost:3002/:0
[   91340ms] [WARNING] The resource http://localhost:3002/_next/static/css/app/layout.css?v=1770617194407 was preloaded using link preload but not used within a few seconds from the window's load event. Please make sure it has an appropriate `as` value and it is preloaded intentionally. @ http://localhost:3002/:0
[   91340ms] [WARNING] The resource http://localhost:3002/_next/static/css/app/layout.css?v=1770617193669 was preloaded using link preload but not used within a few seconds from the window's load event. Please make sure it has an appropriate `as` value and it is preloaded intentionally. @ http://localhost:3002/:0
[   94519ms] [WARNING] The resource http://localhost:3002/_next/static/css/app/layout.css?v=1770617193890 was preloaded using link preload but not used within a few seconds from the window's load event. Please make sure it has an appropriate `as` value and it is preloaded intentionally. @ http://localhost:3002/:0
[   94520ms] [WARNING] The resource http://localhost:3002/_next/static/css/app/layout.css?v=1770617194407 was preloaded using link preload but not used within a few seconds from the window's load event. Please make sure it has an appropriate `as` value and it is preloaded intentionally. @ http://localhost:3002/:0
[   94520ms] [WARNING] The resource http://localhost:3002/_next/static/css/app/layout.css?v=1770617193669 was preloaded using link preload but not used within a few seconds from the window's load event. Please make sure it has an appropriate `as` value and it is preloaded intentionally. @ http://localhost:3002/:0
[   97675ms] [WARNING] The resource http://localhost:3002/_next/static/css/app/layout.css?v=1770617193890 was preloaded using link preload but not used within a few seconds from the window's load event. Please make sure it has an appropriate `as` value and it is preloaded intentionally. @ http://localhost:3002/:0
[   97675ms] [WARNING] The resource http://localhost:3002/_next/static/css/app/layout.css?v=1770617194407 was preloaded using link preload but not used within a few seconds from the window's load event. Please make sure it has an appropriate `as` value and it is preloaded intentionally. @ http://localhost:3002/:0
[   97675ms] [WARNING] The resource http://localhost:3002/_next/static/css/app/layout.css?v=1770617193669 was preloaded using link preload but not used within a few seconds from the window's load event. Please make sure it has an appropriate `as` value and it is preloaded intentionally. @ http://localhost:3002/:0
[  100862ms] [WARNING] The resource http://localhost:3002/_next/static/css/app/layout.css?v=1770617193890 was preloaded using link preload but not used within a few seconds from the window's load event. Please make sure it has an appropriate `as` value and it is preloaded intentionally. @ http://localhost:3002/:0
[  100862ms] [WARNING] The resource http://localhost:3002/_next/static/css/app/layout.css?v=1770617194407 was preloaded using link preload but not used within a few seconds from the window's load event. Please make sure it has an appropriate `as` value and it is preloaded intentionally. @ http://localhost:3002/:0
[  100862ms] [WARNING] The resource http://localhost:3002/_next/static/css/app/layout.css?v=1770617193669 was preloaded using link preload but not used within a few seconds from the window's load event. Please make sure it has an appropriate `as` value and it is preloaded intentionally. @ http://localhost:3002/:0
[  104059ms] [WARNING] The resource http://localhost:3002/_next/static/css/app/layout.css?v=1770617193890 was preloaded using link preload but not used within a few seconds from the window's load event. Please make sure it has an appropriate `as` value and it is preloaded intentionally. @ http://localhost:3002/:0
[  104059ms] [WARNING] The resource http://localhost:3002/_next/static/css/app/layout.css?v=1770617194407 was preloaded using link preload but not used within a few seconds from the window's load event. Please make sure it has an appropriate `as` value and it is preloaded intentionally. @ http://localhost:3002/:0
[  104059ms] [WARNING] The resource http://localhost:3002/_next/static/css/app/layout.css?v=1770617193669 was preloaded using link preload but not used within a few seconds from the window's load event. Please make sure it has an appropriate `as` value and it is preloaded intentionally. @ http://localhost:3002/:0
[  107226ms] [WARNING] The resource http://localhost:3002/_next/static/css/app/layout.css?v=1770617193890 was preloaded using link preload but not used within a few seconds from the window's load event. Please make sure it has an appropriate `as` value and it is preloaded intentionally. @ http://localhost:3002/:0
[  107226ms] [WARNING] The resource http://localhost:3002/_next/static/css/app/layout.css?v=1770617194407 was preloaded using link preload but not used within a few seconds from the window's load event. Please make sure it has an appropriate `as` value and it is preloaded intentionally. @ http://localhost:3002/:0
[  107226ms] [WARNING] The resource http://localhost:3002/_next/static/css/app/layout.css?v=1770617193669 was preloaded using link preload but not used within a few seconds from the window's load event. Please make sure it has an appropriate `as` value and it is preloaded intentionally. @ http://localhost:3002/:0
[  110394ms] [WARNING] The resource http://localhost:3002/_next/static/css/app/layout.css?v=1770617193890 was preloaded using link preload but not used within a few seconds from the window's load event. Please make sure it has an appropriate `as` value and it is preloaded intentionally. @ http://localhost:3002/:0
[  110394ms] [WARNING] The resource http://localhost:3002/_next/static/css/app/layout.css?v=1770617194407 was preloaded using link preload but not used within a few seconds from the window's load event. Please make sure it has an appropriate `as` value and it is preloaded intentionally. @ http://localhost:3002/:0
[  110394ms] [WARNING] The resource http://localhost:3002/_next/static/css/app/layout.css?v=1770617193669 was preloaded using link preload but not used within a few seconds from the window's load event. Please make sure it has an appropriate `as` value and it is preloaded intentionally. @ http://localhost:3002/:0
[  113569ms] [WARNING] The resource http://localhost:3002/_next/static/css/app/layout.css?v=1770617193890 was preloaded using link preload but not used within a few seconds from the window's load event. Please make sure it has an appropriate `as` value and it is preloaded intentionally. @ http://localhost:3002/:0
[  113569ms] [WARNING] The resource http://localhost:3002/_next/static/css/app/layout.css?v=1770617194407 was preloaded using link preload but not used within a few seconds from the window's load event. Please make sure it has an appropriate `as` value and it is preloaded intentionally. @ http://localhost:3002/:0
[  113569ms] [WARNING] The resource http://localhost:3002/_next/static/css/app/layout.css?v=1770617193669 was preloaded using link preload but not used within a few seconds from the window's load event. Please make sure it has an appropriate `as` value and it is preloaded intentionally. @ http://localhost:3002/:0
[  116719ms] [WARNING] The resource http://localhost:3002/_next/static/css/app/layout.css?v=1770617193890 was preloaded using link preload but not used within a few seconds from the window's load event. Please make sure it has an appropriate `as` value and it is preloaded intentionally. @ http://localhost:3002/:0
[  116719ms] [WARNING] The resource http://localhost:3002/_next/static/css/app/layout.css?v=1770617194407 was preloaded using link preload but not used within a few seconds from the window's load event. Please make sure it has an appropriate `as` value and it is preloaded intentionally. @ http://localhost:3002/:0
[  116719ms] [WARNING] The resource http://localhost:3002/_next/static/css/app/layout.css?v=1770617193669 was preloaded using link preload but not used within a few seconds from the window's load event. Please make sure it has an appropriate `as` value and it is preloaded intentionally. @ http://localhost:3002/:0
[  119881ms] [WARNING] The resource http://localhost:3002/_next/static/css/app/layout.css?v=1770617193890 was preloaded using link preload but not used within a few seconds from the window's load event. Please make sure it has an appropriate `as` value and it is preloaded intentionally. @ http://localhost:3002/:0
[  119881ms] [WARNING] The resource http://localhost:3002/_next/static/css/app/layout.css?v=1770617194407 was preloaded using link preload but not used within a few seconds from the window's load event. Please make sure it has an appropriate `as` value and it is preloaded intentionally. @ http://localhost:3002/:0
[  119881ms] [WARNING] The resource http://localhost:3002/_next/static/css/app/layout.css?v=1770617193669 was preloaded using link preload but not used within a few seconds from the window's load event. Please make sure it has an appropriate `as` value and it is preloaded intentionally. @ http://localhost:3002/:0
[  123038ms] [WARNING] The resource http://localhost:3002/_next/static/css/app/layout.css?v=1770617193890 was preloaded using link preload but not used within a few seconds from the window's load event. Please make sure it has an appropriate `as` value and it is preloaded intentionally. @ http://localhost:3002/:0
[  123038ms] [WARNING] The resource http://localhost:3002/_next/static/css/app/layout.css?v=1770617194407 was preloaded using link preload but not used within a few seconds from the window's load event. Please make sure it has an appropriate `as` value and it is preloaded intentionally. @ http://localhost:3002/:0
[  123038ms] [WARNING] The resource http://localhost:3002/_next/static/css/app/layout.css?v=1770617193669 was preloaded using link preload but not used within a few seconds from the window's load event. Please make sure it has an appropriate `as` value and it is preloaded intentionally. @ http://localhost:3002/:0
[  126189ms] [WARNING] The resource http://localhost:3002/_next/static/css/app/layout.css?v=1770617193890 was preloaded using link preload but not used within a few seconds from the window's load event. Please make sure it has an appropriate `as` value and it is preloaded intentionally. @ http://localhost:3002/:0
[  126189ms] [WARNING] The resource http://localhost:3002/_next/static/css/app/layout.css?v=1770617194407 was preloaded using link preload but not used within a few seconds from the window's load event. Please make sure it has an appropriate `as` value and it is preloaded intentionally. @ http://localhost:3002/:0
[  126189ms] [WARNING] The resource http://localhost:3002/_next/static/css/app/layout.css?v=1770617193669 was preloaded using link preload but not used within a few seconds from the window's load event. Please make sure it has an appropriate `as` value and it is preloaded intentionally. @ http://localhost:3002/:0
[  129347ms] [WARNING] The resource http://localhost:3002/_next/static/css/app/layout.css?v=1770617193890 was preloaded using link preload but not used within a few seconds from the window's load event. Please make sure it has an appropriate `as` value and it is preloaded intentionally. @ http://localhost:3002/:0
[  129347ms] [WARNING] The resource http://localhost:3002/_next/static/css/app/layout.css?v=1770617194407 was preloaded using link preload but not used within a few seconds from the window's load event. Please make sure it has an appropriate `as` value and it is preloaded intentionally. @ http://localhost:3002/:0
[  129347ms] [WARNING] The resource http://localhost:3002/_next/static/css/app/layout.css?v=1770617193669 was preloaded using link preload but not used within a few seconds from the window's load event. Please make sure it has an appropriate `as` value and it is preloaded intentionally. @ http://localhost:3002/:0
[  132487ms] [WARNING] The resource http://localhost:3002/_next/static/css/app/layout.css?v=1770617193890 was preloaded using link preload but not used within a few seconds from the window's load event. Please make sure it has an appropriate `as` value and it is preloaded intentionally. @ http://localhost:3002/:0
[  132487ms] [WARNING] The resource http://localhost:3002/_next/static/css/app/layout.css?v=1770617194407 was preloaded using link preload but not used within a few seconds from the window's load event. Please make sure it has an appropriate `as` value and it is preloaded intentionally. @ http://localhost:3002/:0
[  132487ms] [WARNING] The resource http://localhost:3002/_next/static/css/app/layout.css?v=1770617193669 was preloaded using link preload but not used within a few seconds from the window's load event. Please make sure it has an appropriate `as` value and it is preloaded intentionally. @ http://localhost:3002/:0
[  135624ms] [WARNING] The resource http://localhost:3002/_next/static/css/app/layout.css?v=1770617193890 was preloaded using link preload but not used within a few seconds from the window's load event. Please make sure it has an appropriate `as` value and it is preloaded intentionally. @ http://localhost:3002/:0
[  135624ms] [WARNING] The resource http://localhost:3002/_next/static/css/app/layout.css?v=1770617194407 was preloaded using link preload but not used within a few seconds from the window's load event. Please make sure it has an appropriate `as` value and it is preloaded intentionally. @ http://localhost:3002/:0
[  135624ms] [WARNING] The resource http://localhost:3002/_next/static/css/app/layout.css?v=1770617193669 was preloaded using link preload but not used within a few seconds from the window's load event. Please make sure it has an appropriate `as` value and it is preloaded intentionally. @ http://localhost:3002/:0
[  138835ms] [WARNING] The resource http://localhost:3002/_next/static/css/app/layout.css?v=1770617193890 was preloaded using link preload but not used within a few seconds from the window's load event. Please make sure it has an appropriate `as` value and it is preloaded intentionally. @ http://localhost:3002/:0
[  138835ms] [WARNING] The resource http://localhost:3002/_next/static/css/app/layout.css?v=1770617194407 was preloaded using link preload but not used within a few seconds from the window's load event. Please make sure it has an appropriate `as` value and it is preloaded intentionally. @ http://localhost:3002/:0
[  138835ms] [WARNING] The resource http://localhost:3002/_next/static/css/app/layout.css?v=1770617193669 was preloaded using link preload but not used within a few seconds from the window's load event. Please make sure it has an appropriate `as` value and it is preloaded intentionally. @ http://localhost:3002/:0
[  141992ms] [WARNING] The resource http://localhost:3002/_next/static/css/app/layout.css?v=1770617193890 was preloaded using link preload but not used within a few seconds from the window's load event. Please make sure it has an appropriate `as` value and it is preloaded intentionally. @ http://localhost:3002/:0
[  141992ms] [WARNING] The resource http://localhost:3002/_next/static/css/app/layout.css?v=1770617194407 was preloaded using link preload but not used within a few seconds from the window's load event. Please make sure it has an appropriate `as` value and it is preloaded intentionally. @ http://localhost:3002/:0
[  141992ms] [WARNING] The resource http://localhost:3002/_next/static/css/app/layout.css?v=1770617193669 was preloaded using link preload but not used within a few seconds from the window's load event. Please make sure it has an appropriate `as` value and it is preloaded intentionally. @ http://localhost:3002/:0
[  145167ms] [WARNING] The resource http://localhost:3002/_next/static/css/app/layout.css?v=1770617193890 was preloaded using link preload but not used within a few seconds from the window's load event. Please make sure it has an appropriate `as` value and it is preloaded intentionally. @ http://localhost:3002/:0
[  145167ms] [WARNING] The resource http://localhost:3002/_next/static/css/app/layout.css?v=1770617194407 was preloaded using link preload but not used within a few seconds from the window's load event. Please make sure it has an appropriate `as` value and it is preloaded intentionally. @ http://localhost:3002/:0
[  145167ms] [WARNING] The resource http://localhost:3002/_next/static/css/app/layout.css?v=1770617193669 was preloaded using link preload but not used within a few seconds from the window's load event. Please make sure it has an appropriate `as` value and it is preloaded intentionally. @ http://localhost:3002/:0
[  148316ms] [WARNING] The resource http://localhost:3002/_next/static/css/app/layout.css?v=1770617193890 was preloaded using link preload but not used within a few seconds from the window's load event. Please make sure it has an appropriate `as` value and it is preloaded intentionally. @ http://localhost:3002/:0
[  148316ms] [WARNING] The resource http://localhost:3002/_next/static/css/app/layout.css?v=1770617194407 was preloaded using link preload but not used within a few seconds from the window's load event. Please make sure it has an appropriate `as` value and it is preloaded intentionally. @ http://localhost:3002/:0
[  148316ms] [WARNING] The resource http://localhost:3002/_next/static/css/app/layout.css?v=1770617193669 was preloaded using link preload but not used within a few seconds from the window's load event. Please make sure it has an appropriate `as` value and it is preloaded intentionally. @ http://localhost:3002/:0
[  151459ms] [WARNING] The resource http://localhost:3002/_next/static/css/app/layout.css?v=1770617193890 was preloaded using link preload but not used within a few seconds from the window's load event. Please make sure it has an appropriate `as` value and it is preloaded intentionally. @ http://localhost:3002/:0
[  151460ms] [WARNING] The resource http://localhost:3002/_next/static/css/app/layout.css?v=1770617194407 was preloaded using link preload but not used within a few seconds from the window's load event. Please make sure it has an appropriate `as` value and it is preloaded intentionally. @ http://localhost:3002/:0
[  151460ms] [WARNING] The resource http://localhost:3002/_next/static/css/app/layout.css?v=1770617193669 was preloaded using link preload but not used within a few seconds from the window's load event. Please make sure it has an appropriate `as` value and it is preloaded intentionally. @ http://localhost:3002/:0
[  154605ms] [WARNING] The resource http://localhost:3002/_next/static/css/app/layout.css?v=1770617193890 was preloaded using link preload but not used within a few seconds from the window's load event. Please make sure it has an appropriate `as` value and it is preloaded intentionally. @ http://localhost:3002/:0
[  154605ms] [WARNING] The resource http://localhost:3002/_next/static/css/app/layout.css?v=1770617194407 was preloaded using link preload but not used within a few seconds from the window's load event. Please make sure it has an appropriate `as` value and it is preloaded intentionally. @ http://localhost:3002/:0
[  154605ms] [WARNING] The resource http://localhost:3002/_next/static/css/app/layout.css?v=1770617193669 was preloaded using link preload but not used within a few seconds from the window's load event. Please make sure it has an appropriate `as` value and it is preloaded intentionally. @ http://localhost:3002/:0
[  157756ms] [WARNING] The resource http://localhost:3002/_next/static/css/app/layout.css?v=1770617193890 was preloaded using link preload but not used within a few seconds from the window's load event. Please make sure it has an appropriate `as` value and it is preloaded intentionally. @ http://localhost:3002/:0
[  157756ms] [WARNING] The resource http://localhost:3002/_next/static/css/app/layout.css?v=1770617194407 was preloaded using link preload but not used within a few seconds from the window's load event. Please make sure it has an appropriate `as` value and it is preloaded intentionally. @ http://localhost:3002/:0
[  157756ms] [WARNING] The resource http://localhost:3002/_next/static/css/app/layout.css?v=1770617193669 was preloaded using link preload but not used within a few seconds from the window's load event. Please make sure it has an appropriate `as` value and it is preloaded intentionally. @ http://localhost:3002/:0
[  161025ms] [WARNING] The resource http://localhost:3002/_next/static/css/app/layout.css?v=1770617193890 was preloaded using link preload but not used within a few seconds from the window's load event. Please make sure it has an appropriate `as` value and it is preloaded intentionally. @ http://localhost:3002/:0
[  161026ms] [WARNING] The resource http://localhost:3002/_next/static/css/app/layout.css?v=1770617194407 was preloaded using link preload but not used within a few seconds from the window's load event. Please make sure it has an appropriate `as` value and it is preloaded intentionally. @ http://localhost:3002/:0
[  161026ms] [WARNING] The resource http://localhost:3002/_next/static/css/app/layout.css?v=1770617193669 was preloaded using link preload but not used within a few seconds from the window's load event. Please make sure it has an appropriate `as` value and it is preloaded intentionally. @ http://localhost:3002/:0
[  164175ms] [WARNING] The resource http://localhost:3002/_next/static/css/app/layout.css?v=1770617193890 was preloaded using link preload but not used within a few seconds from the window's load event. Please make sure it has an appropriate `as` value and it is preloaded intentionally. @ http://localhost:3002/:0
[  164175ms] [WARNING] The resource http://localhost:3002/_next/static/css/app/layout.css?v=1770617194407 was preloaded using link preload but not used within a few seconds from the window's load event. Please make sure it has an appropriate `as` value and it is preloaded intentionally. @ http://localhost:3002/:0
[  164175ms] [WARNING] The resource http://localhost:3002/_next/static/css/app/layout.css?v=1770617193669 was preloaded using link preload but not used within a few seconds from the window's load event. Please make sure it has an appropriate `as` value and it is preloaded intentionally. @ http://localhost:3002/:0
[  167322ms] [WARNING] The resource http://localhost:3002/_next/static/css/app/layout.css?v=1770617193890 was preloaded using link preload but not used within a few seconds from the window's load event. Please make sure it has an appropriate `as` value and it is preloaded intentionally. @ http://localhost:3002/:0
[  167322ms] [WARNING] The resource http://localhost:3002/_next/static/css/app/layout.css?v=1770617194407 was preloaded using link preload but not used within a few seconds from the window's load event. Please make sure it has an appropriate `as` value and it is preloaded intentionally. @ http://localhost:3002/:0
[  167322ms] [WARNING] The resource http://localhost:3002/_next/static/css/app/layout.css?v=1770617193669 was preloaded using link preload but not used within a few seconds from the window's load event. Please make sure it has an appropriate `as` value and it is preloaded intentionally. @ http://localhost:3002/:0
[  170465ms] [WARNING] The resource http://localhost:3002/_next/static/css/app/layout.css?v=1770617193890 was preloaded using link preload but not used within a few seconds from the window's load event. Please make sure it has an appropriate `as` value and it is preloaded intentionally. @ http://localhost:3002/:0
[  170465ms] [WARNING] The resource http://localhost:3002/_next/static/css/app/layout.css?v=1770617194407 was preloaded using link preload but not used within a few seconds from the window's load event. Please make sure it has an appropriate `as` value and it is preloaded intentionally. @ http://localhost:3002/:0
[  170465ms] [WARNING] The resource http://localhost:3002/_next/static/css/app/layout.css?v=1770617193669 was preloaded using link preload but not used within a few seconds from the window's load event. Please make sure it has an appropriate `as` value and it is preloaded intentionally. @ http://localhost:3002/:0
[  173700ms] [WARNING] The resource http://localhost:3002/_next/static/css/app/layout.css?v=1770617193890 was preloaded using link preload but not used within a few seconds from the window's load event. Please make sure it has an appropriate `as` value and it is preloaded intentionally. @ http://localhost:3002/:0
[  173700ms] [WARNING] The resource http://localhost:3002/_next/static/css/app/layout.css?v=1770617194407 was preloaded using link preload but not used within a few seconds from the window's load event. Please make sure it has an appropriate `as` value and it is preloaded intentionally. @ http://localhost:3002/:0
[  173700ms] [WARNING] The resource http://localhost:3002/_next/static/css/app/layout.css?v=1770617193669 was preloaded using link preload but not used within a few seconds from the window's load event. Please make sure it has an appropriate `as` value and it is preloaded intentionally. @ http://localhost:3002/:0
[  176840ms] [WARNING] The resource http://localhost:3002/_next/static/css/app/layout.css?v=1770617193890 was preloaded using link preload but not used within a few seconds from the window's load event. Please make sure it has an appropriate `as` value and it is preloaded intentionally. @ http://localhost:3002/:0
[  176840ms] [WARNING] The resource http://localhost:3002/_next/static/css/app/layout.css?v=1770617194407 was preloaded using link preload but not used within a few seconds from the window's load event. Please make sure it has an appropriate `as` value and it is preloaded intentionally. @ http://localhost:3002/:0
[  176840ms] [WARNING] The resource http://localhost:3002/_next/static/css/app/layout.css?v=1770617193669 was preloaded using link preload but not used within a few seconds from the window's load event. Please make sure it has an appropriate `as` value and it is preloaded intentionally. @ http://localhost:3002/:0
[  179996ms] [WARNING] The resource http://localhost:3002/_next/static/css/app/layout.css?v=1770617193890 was preloaded using link preload but not used within a few seconds from the window's load event. Please make sure it has an appropriate `as` value and it is preloaded intentionally. @ http://localhost:3002/:0
[  179996ms] [WARNING] The resource http://localhost:3002/_next/static/css/app/layout.css?v=1770617194407 was preloaded using link preload but not used within a few seconds from the window's load event. Please make sure it has an appropriate `as` value and it is preloaded intentionally. @ http://localhost:3002/:0
[  179996ms] [WARNING] The resource http://localhost:3002/_next/static/css/app/layout.css?v=1770617193669 was preloaded using link preload but not used within a few seconds from the window's load event. Please make sure it has an appropriate `as` value and it is preloaded intentionally. @ http://localhost:3002/:0
[  183173ms] [WARNING] The resource http://localhost:3002/_next/static/css/app/layout.css?v=1770617193890 was preloaded using link preload but not used within a few seconds from the window's load event. Please make sure it has an appropriate `as` value and it is preloaded intentionally. @ http://localhost:3002/:0
[  183173ms] [WARNING] The resource http://localhost:3002/_next/static/css/app/layout.css?v=1770617194407 was preloaded using link preload but not used within a few seconds from the window's load event. Please make sure it has an appropriate `as` value and it is preloaded intentionally. @ http://localhost:3002/:0
[  183173ms] [WARNING] The resource http://localhost:3002/_next/static/css/app/layout.css?v=1770617193669 was preloaded using link preload but not used within a few seconds from the window's load event. Please make sure it has an appropriate `as` value and it is preloaded intentionally. @ http://localhost:3002/:0
[  186322ms] [WARNING] The resource http://localhost:3002/_next/static/css/app/layout.css?v=1770617193890 was preloaded using link preload but not used within a few seconds from the window's load event. Please make sure it has an appropriate `as` value and it is preloaded intentionally. @ http://localhost:3002/:0
[  186322ms] [WARNING] The resource http://localhost:3002/_next/static/css/app/layout.css?v=1770617194407 was preloaded using link preload but not used within a few seconds from the window's load event. Please make sure it has an appropriate `as` value and it is preloaded intentionally. @ http://localhost:3002/:0
[  186322ms] [WARNING] The resource http://localhost:3002/_next/static/css/app/layout.css?v=1770617193669 was preloaded using link preload but not used within a few seconds from the window's load event. Please make sure it has an appropriate `as` value and it is preloaded intentionally. @ http://localhost:3002/:0
[  189553ms] [WARNING] The resource http://localhost:3002/_next/static/css/app/layout.css?v=1770617193890 was preloaded using link preload but not used within a few seconds from the window's load event. Please make sure it has an appropriate `as` value and it is preloaded intentionally. @ http://localhost:3002/:0
[  189553ms] [WARNING] The resource http://localhost:3002/_next/static/css/app/layout.css?v=1770617194407 was preloaded using link preload but not used within a few seconds from the window's load event. Please make sure it has an appropriate `as` value and it is preloaded intentionally. @ http://localhost:3002/:0
[  189553ms] [WARNING] The resource http://localhost:3002/_next/static/css/app/layout.css?v=1770617193669 was preloaded using link preload but not used within a few seconds from the window's load event. Please make sure it has an appropriate `as` value and it is preloaded intentionally. @ http://localhost:3002/:0
[  192700ms] [WARNING] The resource http://localhost:3002/_next/static/css/app/layout.css?v=1770617193890 was preloaded using link preload but not used within a few seconds from the window's load event. Please make sure it has an appropriate `as` value and it is preloaded intentionally. @ http://localhost:3002/:0
[  192700ms] [WARNING] The resource http://localhost:3002/_next/static/css/app/layout.css?v=1770617194407 was preloaded using link preload but not used within a few seconds from the window's load event. Please make sure it has an appropriate `as` value and it is preloaded intentionally. @ http://localhost:3002/:0
[  192700ms] [WARNING] The resource http://localhost:3002/_next/static/css/app/layout.css?v=1770617193669 was preloaded using link preload but not used within a few seconds from the window's load event. Please make sure it has an appropriate `as` value and it is preloaded intentionally. @ http://localhost:3002/:0
[  195855ms] [WARNING] The resource http://localhost:3002/_next/static/css/app/layout.css?v=1770617193890 was preloaded using link preload but not used within a few seconds from the window's load event. Please make sure it has an appropriate `as` value and it is preloaded intentionally. @ http://localhost:3002/:0
[  195856ms] [WARNING] The resource http://localhost:3002/_next/static/css/app/layout.css?v=1770617194407 was preloaded using link preload but not used within a few seconds from the window's load event. Please make sure it has an appropriate `as` value and it is preloaded intentionally. @ http://localhost:3002/:0
[  195856ms] [WARNING] The resource http://localhost:3002/_next/static/css/app/layout.css?v=1770617193669 was preloaded using link preload but not used within a few seconds from the window's load event. Please make sure it has an appropriate `as` value and it is preloaded intentionally. @ http://localhost:3002/:0
[  199000ms] [WARNING] The resource http://localhost:3002/_next/static/css/app/layout.css?v=1770617193890 was preloaded using link preload but not used within a few seconds from the window's load event. Please make sure it has an appropriate `as` value and it is preloaded intentionally. @ http://localhost:3002/:0
[  199000ms] [WARNING] The resource http://localhost:3002/_next/static/css/app/layout.css?v=1770617194407 was preloaded using link preload but not used within a few seconds from the window's load event. Please make sure it has an appropriate `as` value and it is preloaded intentionally. @ http://localhost:3002/:0
[  199000ms] [WARNING] The resource http://localhost:3002/_next/static/css/app/layout.css?v=1770617193669 was preloaded using link preload but not used within a few seconds from the window's load event. Please make sure it has an appropriate `as` value and it is preloaded intentionally. @ http://localhost:3002/:0
[  202160ms] [WARNING] The resource http://localhost:3002/_next/static/css/app/layout.css?v=1770617193890 was preloaded using link preload but not used within a few seconds from the window's load event. Please make sure it has an appropriate `as` value and it is preloaded intentionally. @ http://localhost:3002/:0
[  202160ms] [WARNING] The resource http://localhost:3002/_next/static/css/app/layout.css?v=1770617194407 was preloaded using link preload but not used within a few seconds from the window's load event. Please make sure it has an appropriate `as` value and it is preloaded intentionally. @ http://localhost:3002/:0
[  202160ms] [WARNING] The resource http://localhost:3002/_next/static/css/app/layout.css?v=1770617193669 was preloaded using link preload but not used within a few seconds from the window's load event. Please make sure it has an appropriate `as` value and it is preloaded intentionally. @ http://localhost:3002/:0
[  205329ms] [WARNING] The resource http://localhost:3002/_next/static/css/app/layout.css?v=1770617193890 was preloaded using link preload but not used within a few seconds from the window's load event. Please make sure it has an appropriate `as` value and it is preloaded intentionally. @ http://localhost:3002/:0
[  205329ms] [WARNING] The resource http://localhost:3002/_next/static/css/app/layout.css?v=1770617194407 was preloaded using link preload but not used within a few seconds from the window's load event. Please make sure it has an appropriate `as` value and it is preloaded intentionally. @ http://localhost:3002/:0
[  205329ms] [WARNING] The resource http://localhost:3002/_next/static/css/app/layout.css?v=1770617193669 was preloaded using link preload but not used within a few seconds from the window's load event. Please make sure it has an appropriate `as` value and it is preloaded intentionally. @ http://localhost:3002/:0
[  208504ms] [WARNING] The resource http://localhost:3002/_next/static/css/app/layout.css?v=1770617193890 was preloaded using link preload but not used within a few seconds from the window's load event. Please make sure it has an appropriate `as` value and it is preloaded intentionally. @ http://localhost:3002/:0
[  208505ms] [WARNING] The resource http://localhost:3002/_next/static/css/app/layout.css?v=1770617194407 was preloaded using link preload but not used within a few seconds from the window's load event. Please make sure it has an appropriate `as` value and it is preloaded intentionally. @ http://localhost:3002/:0
[  208505ms] [WARNING] The resource http://localhost:3002/_next/static/css/app/layout.css?v=1770617193669 was preloaded using link preload but not used within a few seconds from the window's load event. Please make sure it has an appropriate `as` value and it is preloaded intentionally. @ http://localhost:3002/:0
[  211672ms] [WARNING] The resource http://localhost:3002/_next/static/css/app/layout.css?v=1770617193890 was preloaded using link preload but not used within a few seconds from the window's load event. Please make sure it has an appropriate `as` value and it is preloaded intentionally. @ http://localhost:3002/:0
[  211673ms] [WARNING] The resource http://localhost:3002/_next/static/css/app/layout.css?v=1770617194407 was preloaded using link preload but not used within a few seconds from the window's load event. Please make sure it has an appropriate `as` value and it is preloaded intentionally. @ http://localhost:3002/:0
[  211673ms] [WARNING] The resource http://localhost:3002/_next/static/css/app/layout.css?v=1770617193669 was preloaded using link preload but not used within a few seconds from the window's load event. Please make sure it has an appropriate `as` value and it is preloaded intentionally. @ http://localhost:3002/:0
[  214821ms] [WARNING] The resource http://localhost:3002/_next/static/css/app/layout.css?v=1770617193890 was preloaded using link preload but not used within a few seconds from the window's load event. Please make sure it has an appropriate `as` value and it is preloaded intentionally. @ http://localhost:3002/:0
[  214821ms] [WARNING] The resource http://localhost:3002/_next/static/css/app/layout.css?v=1770617194407 was preloaded using link preload but not used within a few seconds from the window's load event. Please make sure it has an appropriate `as` value and it is preloaded intentionally. @ http://localhost:3002/:0
[  214821ms] [WARNING] The resource http://localhost:3002/_next/static/css/app/layout.css?v=1770617193669 was preloaded using link preload but not used within a few seconds from the window's load event. Please make sure it has an appropriate `as` value and it is preloaded intentionally. @ http://localhost:3002/:0
[  217963ms] [WARNING] The resource http://localhost:3002/_next/static/css/app/layout.css?v=1770617193890 was preloaded using link preload but not used within a few seconds from the window's load event. Please make sure it has an appropriate `as` value and it is preloaded intentionally. @ http://localhost:3002/:0
[  217963ms] [WARNING] The resource http://localhost:3002/_next/static/css/app/layout.css?v=1770617194407 was preloaded using link preload but not used within a few seconds from the window's load event. Please make sure it has an appropriate `as` value and it is preloaded intentionally. @ http://localhost:3002/:0
[  217963ms] [WARNING] The resource http://localhost:3002/_next/static/css/app/layout.css?v=1770617193669 was preloaded using link preload but not used within a few seconds from the window's load event. Please make sure it has an appropriate `as` value and it is preloaded intentionally. @ http://localhost:3002/:0
[  221113ms] [WARNING] The resource http://localhost:3002/_next/static/css/app/layout.css?v=1770617193890 was preloaded using link preload but not used within a few seconds from the window's load event. Please make sure it has an appropriate `as` value and it is preloaded intentionally. @ http://localhost:3002/:0
[  221113ms] [WARNING] The resource http://localhost:3002/_next/static/css/app/layout.css?v=1770617194407 was preloaded using link preload but not used within a few seconds from the window's load event. Please make sure it has an appropriate `as` value and it is preloaded intentionally. @ http://localhost:3002/:0
[  221113ms] [WARNING] The resource http://localhost:3002/_next/static/css/app/layout.css?v=1770617193669 was preloaded using link preload but not used within a few seconds from the window's load event. Please make sure it has an appropriate `as` value and it is preloaded intentionally. @ http://localhost:3002/:0
[  224260ms] [WARNING] The resource http://localhost:3002/_next/static/css/app/layout.css?v=1770617193890 was preloaded using link preload but not used within a few seconds from the window's load event. Please make sure it has an appropriate `as` value and it is preloaded intentionally. @ http://localhost:3002/:0
[  224260ms] [WARNING] The resource http://localhost:3002/_next/static/css/app/layout.css?v=1770617194407 was preloaded using link preload but not used within a few seconds from the window's load event. Please make sure it has an appropriate `as` value and it is preloaded intentionally. @ http://localhost:3002/:0
[  224260ms] [WARNING] The resource http://localhost:3002/_next/static/css/app/layout.css?v=1770617193669 was preloaded using link preload but not used within a few seconds from the window's load event. Please make sure it has an appropriate `as` value and it is preloaded intentionally. @ http://localhost:3002/:0
